<?xml version="1.0" encoding="UTF-8"?>
<testng-results ignored="2" total="5" passed="2" failed="1" skipped="0">
  <reporter-output>
  </reporter-output>
  <suite started-at="2022-06-16T12:30:21 IST" name="Suite" finished-at="2022-06-16T12:30:29 IST" duration-ms="8242">
    <groups>
    </groups>
    <test started-at="2022-06-16T12:30:21 IST" name="Test" finished-at="2022-06-16T12:30:29 IST" duration-ms="8242">
      <class name="test.OLoginTest">
        <test-method is-config="true" signature="browser()[pri:0, instance:test.OLoginTest@2c1b194a]" started-at="2022-06-16T12:30:09 IST" name="browser" finished-at="2022-06-16T12:30:21 IST" duration-ms="12131" status="PASS">
          <reporter-output>
          </reporter-output>
        </test-method> <!-- browser -->
        <test-method is-config="true" signature="obj()[pri:0, instance:test.OLoginTest@2c1b194a]" started-at="2022-06-16T12:30:21 IST" name="obj" finished-at="2022-06-16T12:30:21 IST" duration-ms="50" status="PASS">
          <reporter-output>
          </reporter-output>
        </test-method> <!-- obj -->
        <test-method signature="login()[pri:1, instance:test.OLoginTest@2c1b194a]" started-at="2022-06-16T12:30:21 IST" name="login" finished-at="2022-06-16T12:30:25 IST" duration-ms="4173" status="PASS">
          <reporter-output>
          </reporter-output>
        </test-method> <!-- login -->
        <test-method is-config="true" signature="closewindow()[pri:0, instance:test.OLoginTest@2c1b194a]" started-at="2022-06-16T12:30:29 IST" name="closewindow" finished-at="2022-06-16T12:30:33 IST" duration-ms="3421" status="PASS">
          <reporter-output>
          </reporter-output>
        </test-method> <!-- closewindow -->
      </class> <!-- test.OLoginTest -->
      <class name="test.OHomeTest">
        <test-method is-config="true" signature="objcreation()[pri:0, instance:test.OHomeTest@1e1a0406]" started-at="2022-06-16T12:30:25 IST" name="objcreation" finished-at="2022-06-16T12:30:25 IST" duration-ms="2" status="PASS">
          <reporter-output>
          </reporter-output>
        </test-method> <!-- objcreation -->
        <test-method signature="asser()[pri:0, instance:test.OHomeTest@1e1a0406]" started-at="2022-06-16T12:30:25 IST" name="asser" finished-at="2022-06-16T12:30:27 IST" duration-ms="1370" status="FAIL">
          <exception class="java.lang.AssertionError">
            <message>
              <![CDATA[expected [OrangeHRM] but found [mainwindow]]]>
            </message>
            <full-stacktrace>
              <![CDATA[java.lang.AssertionError: expected [OrangeHRM] but found [mainwindow]
at org.testng.Assert.fail(Assert.java:99)
at org.testng.Assert.failNotEquals(Assert.java:1037)
at org.testng.Assert.assertEqualsImpl(Assert.java:140)
at org.testng.Assert.assertEquals(Assert.java:122)
at org.testng.Assert.assertEquals(Assert.java:629)
at org.testng.Assert.assertEquals(Assert.java:639)
at test.OHomeTest.asser(OHomeTest.java:18)
at java.base/jdk.internal.reflect.NativeMethodAccessorImpl.invoke0(Native Method)
at java.base/jdk.internal.reflect.NativeMethodAccessorImpl.invoke(NativeMethodAccessorImpl.java:77)
at java.base/jdk.internal.reflect.DelegatingMethodAccessorImpl.invoke(DelegatingMethodAccessorImpl.java:43)
at java.base/java.lang.reflect.Method.invoke(Method.java:568)
at org.testng.internal.MethodInvocationHelper.invokeMethod(MethodInvocationHelper.java:133)
at org.testng.internal.TestInvoker.invokeMethod(TestInvoker.java:598)
at org.testng.internal.TestInvoker.invokeTestMethod(TestInvoker.java:173)
at org.testng.internal.MethodRunner.runInSequence(MethodRunner.java:46)
at org.testng.internal.TestInvoker$MethodInvocationAgent.invoke(TestInvoker.java:824)
at org.testng.internal.TestInvoker.invokeTestMethods(TestInvoker.java:146)
at org.testng.internal.TestMethodWorker.invokeTestMethods(TestMethodWorker.java:146)
at org.testng.internal.TestMethodWorker.run(TestMethodWorker.java:128)
at java.base/java.util.ArrayList.forEach(ArrayList.java:1511)
at org.testng.TestRunner.privateRun(TestRunner.java:794)
at org.testng.TestRunner.run(TestRunner.java:596)
at org.testng.SuiteRunner.runTest(SuiteRunner.java:377)
at org.testng.SuiteRunner.runSequentially(SuiteRunner.java:371)
at org.testng.SuiteRunner.privateRun(SuiteRunner.java:332)
at org.testng.SuiteRunner.run(SuiteRunner.java:276)
at org.testng.SuiteRunnerWorker.runSuite(SuiteRunnerWorker.java:53)
at org.testng.SuiteRunnerWorker.run(SuiteRunnerWorker.java:96)
at org.testng.TestNG.runSuitesSequentially(TestNG.java:1212)
at org.testng.TestNG.runSuitesLocally(TestNG.java:1134)
at org.testng.TestNG.runSuites(TestNG.java:1063)
at org.testng.TestNG.run(TestNG.java:1031)
at org.testng.remote.AbstractRemoteTestNG.run(AbstractRemoteTestNG.java:115)
at org.testng.remote.RemoteTestNG.initAndRun(RemoteTestNG.java:251)
at org.testng.remote.RemoteTestNG.main(RemoteTestNG.java:77)
]]>
            </full-stacktrace>
          </exception> <!-- java.lang.AssertionError -->
          <reporter-output>
          </reporter-output>
        </test-method> <!-- asser -->
        <test-method signature="ologoutpage()[pri:0, instance:test.OHomeTest@1e1a0406]" started-at="2022-06-16T12:30:27 IST" name="ologoutpage" finished-at="2022-06-16T12:30:29 IST" duration-ms="2322" status="PASS">
          <reporter-output>
          </reporter-output>
        </test-method> <!-- ologoutpage -->
      </class> <!-- test.OHomeTest -->
    </test> <!-- Test -->
  </suite> <!-- Suite -->
</testng-results>
